<?xml version="1.0" encoding="UTF-8"?>
<!-- Generated by org.testng.reporters.JUnitXMLReporter -->
<testsuite hostname="Arjuns-MBP.attlocal.net" ignored="0" name="Login" tests="1" failures="1" timestamp="2020-04-26T15:43:02 CDT" time="0.035" errors="0">
  <testcase name="login" time="0.008" classname="testng_listeners.Login">
    <failure type="java.lang.AssertionError" message="expected [X] but found [A]">
      <![CDATA[java.lang.AssertionError: expected [X] but found [A]
at testng_listeners.Login.login(Login.java:12)
at java.util.ArrayList.forEach(ArrayList.java:1257)
... Removed 32 stack frames]]>
    </failure>
  </testcase> <!-- login -->
</testsuite> <!-- Login -->
