<?xml version="1.0" encoding="UTF-8"?>
<!-- Generated by org.testng.reporters.JUnitXMLReporter -->
<testsuite hostname="Arjuns-MBP.attlocal.net" ignored="0" name="Application Login" tests="3" failures="0" timestamp="2020-04-25T23:19:58 CDT" time="0.01" errors="0">
  <testcase name="doLogin" time="0.0" classname="testcases.LoginTest"/>
  <testcase name="doLogin" time="0.001" classname="testcases.LoginTest"/>
  <testcase name="doLogin" time="0.001" classname="testcases.LoginTest"/>
</testsuite> <!-- Application Login -->
